<?xml version="1.0" encoding="UTF-8"?>
<!-- Generated by org.testng.reporters.JUnitReportReporter -->
<testsuite hostname="Pandurang-LAPTOP" failures="0" tests="1" name="runner.TestRunner2" time="4.101" errors="0" timestamp="2024-05-12T22:45:23 IST" skipped="0">
  <testcase classname="runner.TestRunner2" name="runScenario" time="4.101"/>
  <system-out/>
</testsuite> <!-- runner.TestRunner2 -->
